This file contains any messages produced by compilers while
running configure, to aid debugging if configure makes a mistake.

It was created by gtk+ configure 2.8.0, which was
generated by GNU Autoconf 2.59.  Invocation command line was

  $ ./configure 

## --------- ##
## Platform. ##
## --------- ##

hostname = localhost.localdomain
uname -m = x86_64
uname -r = 5.6.6-300.fc32.x86_64
uname -s = Linux
uname -v = #1 SMP Tue Apr 21 13:44:19 UTC 2020

/usr/bin/uname -p = x86_64
/bin/uname -X     = unknown

/bin/arch              = x86_64
/usr/bin/arch -k       = unknown
/usr/convex/getsysinfo = unknown
hostinfo               = unknown
/bin/machine           = unknown
/usr/bin/oslevel       = unknown
/bin/universe          = unknown

PATH: /home/zer0meego/.local/bin
PATH: /home/zer0meego/bin
PATH: /usr/local/bin
PATH: /usr/local/sbin
PATH: /usr/bin
PATH: /usr/sbin


## ----------- ##
## Core tests. ##
## ----------- ##

configure:1609: checking for a BSD-compatible install
configure:1664: result: /usr/bin/install -c
configure:1675: checking whether build environment is sane
configure:1718: result: yes
configure:1751: checking for gawk
configure:1767: found /usr/bin/gawk
configure:1777: result: gawk
configure:1787: checking whether make sets $(MAKE)
configure:1807: result: yes
configure:2036: checking build system type
configure:2054: result: x86_64-unknown-linux-gnu
configure:2062: checking host system type
configure:2076: result: x86_64-unknown-linux-gnu
configure:2086: checking for native Win32
configure:2097: result: no
configure:2151: checking for gcc
configure:2167: found /usr/bin/gcc
configure:2177: result: gcc
configure:2421: checking for C compiler version
configure:2424: gcc --version </dev/null >&5
gcc (GCC) 10.1.1 20200507 (Red Hat 10.1.1-1)
Copyright (C) 2020 Free Software Foundation, Inc.
This is free software; see the source for copying conditions.  There is NO
warranty; not even for MERCHANTABILITY or FITNESS FOR A PARTICULAR PURPOSE.

configure:2427: $? = 0
configure:2429: gcc -v </dev/null >&5
Using built-in specs.
COLLECT_GCC=gcc
COLLECT_LTO_WRAPPER=/usr/libexec/gcc/x86_64-redhat-linux/10/lto-wrapper
OFFLOAD_TARGET_NAMES=nvptx-none
OFFLOAD_TARGET_DEFAULT=1
Target: x86_64-redhat-linux
Configured with: ../configure --enable-bootstrap --enable-languages=c,c++,fortran,objc,obj-c++,ada,go,d,lto --prefix=/usr --mandir=/usr/share/man --infodir=/usr/share/info --with-bugurl=http://bugzilla.redhat.com/bugzilla --enable-shared --enable-threads=posix --enable-checking=release --enable-multilib --with-system-zlib --enable-__cxa_atexit --disable-libunwind-exceptions --enable-gnu-unique-object --enable-linker-build-id --with-gcc-major-version-only --with-linker-hash-style=gnu --enable-plugin --enable-initfini-array --with-isl --enable-offload-targets=nvptx-none --without-cuda-driver --enable-gnu-indirect-function --enable-cet --with-tune=generic --with-arch_32=i686 --build=x86_64-redhat-linux
Thread model: posix
Supported LTO compression algorithms: zlib zstd
gcc version 10.1.1 20200507 (Red Hat 10.1.1-1) (GCC) 
configure:2432: $? = 0
configure:2434: gcc -V </dev/null >&5
gcc: error: unrecognized command-line option '-V'
gcc: fatal error: no input files
compilation terminated.
configure:2437: $? = 1
configure:2460: checking for C compiler default output file name
configure:2463: gcc    conftest.c  >&5
configure:2466: $? = 0
configure:2512: result: a.out
configure:2517: checking whether the C compiler works
configure:2523: ./a.out
configure:2526: $? = 0
configure:2543: result: yes
configure:2550: checking whether we are cross compiling
configure:2552: result: no
configure:2555: checking for suffix of executables
configure:2557: gcc -o conftest    conftest.c  >&5
configure:2560: $? = 0
configure:2585: result: 
configure:2591: checking for suffix of object files
configure:2612: gcc -c   conftest.c >&5
configure:2615: $? = 0
configure:2637: result: o
configure:2641: checking whether we are using the GNU C compiler
configure:2665: gcc -c   conftest.c >&5
configure:2671: $? = 0
configure:2675: test -z 
			 || test ! -s conftest.err
configure:2678: $? = 0
configure:2681: test -s conftest.o
configure:2684: $? = 0
configure:2697: result: yes
configure:2703: checking whether gcc accepts -g
configure:2724: gcc -c -g  conftest.c >&5
configure:2730: $? = 0
configure:2734: test -z 
			 || test ! -s conftest.err
configure:2737: $? = 0
configure:2740: test -s conftest.o
configure:2743: $? = 0
configure:2754: result: yes
configure:2771: checking for gcc option to accept ANSI C
configure:2841: gcc  -c -g -O2  conftest.c >&5
configure:2847: $? = 0
configure:2851: test -z 
			 || test ! -s conftest.err
configure:2854: $? = 0
configure:2857: test -s conftest.o
configure:2860: $? = 0
configure:2878: result: none needed
configure:2896: gcc -c -g -O2  conftest.c >&5
conftest.c:2:3: error: unknown type name 'choke'
    2 |   choke me
      |   ^~~~~
conftest.c:2:3: error: expected '=', ',', ';', 'asm' or '__attribute__' at end of input
configure:2902: $? = 1
configure: failed program was:
| #ifndef __cplusplus
|   choke me
| #endif
configure:3046: checking for style of include used by make
configure:3074: result: GNU
configure:3102: checking dependency style of gcc
configure:3185: result: gcc3
configure:3291: checking for a sed that does not truncate output
configure:3345: result: /usr/bin/sed
configure:3348: checking for egrep
configure:3358: result: grep -E
configure:3374: checking for ld used by gcc
configure:3441: result: /usr/bin/ld
configure:3450: checking if the linker (/usr/bin/ld) is GNU ld
configure:3465: result: yes
configure:3470: checking for /usr/bin/ld option to reload object files
configure:3477: result: -r
configure:3495: checking for BSD-compatible nm
configure:3537: result: /usr/bin/nm -B
configure:3541: checking whether ln -s works
configure:3545: result: yes
configure:3552: checking how to recognise dependent libraries
configure:3724: result: pass_all
configure:3809: gcc -c -g -O2  conftest.c >&5
configure:3812: $? = 0
configure:4180: checking how to run the C preprocessor
configure:4215: gcc -E  conftest.c
configure:4221: $? = 0
configure:4253: gcc -E  conftest.c
conftest.c:10:10: fatal error: ac_nonexistent.h: No such file or directory
   10 | #include <ac_nonexistent.h>
      |          ^~~~~~~~~~~~~~~~~~
compilation terminated.
configure:4259: $? = 1
configure: failed program was:
| /* confdefs.h.  */
| 
| #define PACKAGE_NAME "gtk+"
| #define PACKAGE_TARNAME "gtk+"
| #define PACKAGE_VERSION "2.8.0"
| #define PACKAGE_STRING "gtk+ 2.8.0"
| #define PACKAGE_BUGREPORT "http://bugzilla.gnome.org/enter_bug.cgi?product=gtk%2B"
| #define GETTEXT_PACKAGE "gtk20"
| /* end confdefs.h.  */
| #include <ac_nonexistent.h>
configure:4298: result: gcc -E
configure:4322: gcc -E  conftest.c
configure:4328: $? = 0
configure:4360: gcc -E  conftest.c
conftest.c:10:10: fatal error: ac_nonexistent.h: No such file or directory
   10 | #include <ac_nonexistent.h>
      |          ^~~~~~~~~~~~~~~~~~
compilation terminated.
configure:4366: $? = 1
configure: failed program was:
| /* confdefs.h.  */
| 
| #define PACKAGE_NAME "gtk+"
| #define PACKAGE_TARNAME "gtk+"
| #define PACKAGE_VERSION "2.8.0"
| #define PACKAGE_STRING "gtk+ 2.8.0"
| #define PACKAGE_BUGREPORT "http://bugzilla.gnome.org/enter_bug.cgi?product=gtk%2B"
| #define GETTEXT_PACKAGE "gtk20"
| /* end confdefs.h.  */
| #include <ac_nonexistent.h>
configure:4410: checking for ANSI C header files
configure:4435: gcc -c -g -O2  conftest.c >&5
configure:4441: $? = 0
configure:4445: test -z 
			 || test ! -s conftest.err
configure:4448: $? = 0
configure:4451: test -s conftest.o
configure:4454: $? = 0
configure:4543: gcc -o conftest -g -O2   conftest.c  >&5
conftest.c: In function 'main':
conftest.c:27:7: warning: implicit declaration of function 'exit' [-Wimplicit-function-declaration]
   27 |       exit(2);
      |       ^~~~
conftest.c:27:7: warning: incompatible implicit declaration of built-in function 'exit'
conftest.c:11:1: note: include '<stdlib.h>' or provide a declaration of 'exit'
   10 | #include <ctype.h>
  +++ |+#include <stdlib.h>
   11 | #if ((' ' & 0x0FF) == 0x020)
conftest.c:28:3: warning: incompatible implicit declaration of built-in function 'exit'
   28 |   exit (0);
      |   ^~~~
conftest.c:28:3: note: include '<stdlib.h>' or provide a declaration of 'exit'
configure:4546: $? = 0
configure:4548: ./conftest
configure:4551: $? = 0
configure:4566: result: yes
configure:4590: checking for sys/types.h
configure:4606: gcc -c -g -O2  conftest.c >&5
configure:4612: $? = 0
configure:4616: test -z 
			 || test ! -s conftest.err
configure:4619: $? = 0
configure:4622: test -s conftest.o
configure:4625: $? = 0
configure:4636: result: yes
configure:4590: checking for sys/stat.h
configure:4606: gcc -c -g -O2  conftest.c >&5
configure:4612: $? = 0
configure:4616: test -z 
			 || test ! -s conftest.err
configure:4619: $? = 0
configure:4622: test -s conftest.o
configure:4625: $? = 0
configure:4636: result: yes
configure:4590: checking for stdlib.h
configure:4606: gcc -c -g -O2  conftest.c >&5
configure:4612: $? = 0
configure:4616: test -z 
			 || test ! -s conftest.err
configure:4619: $? = 0
configure:4622: test -s conftest.o
configure:4625: $? = 0
configure:4636: result: yes
configure:4590: checking for string.h
configure:4606: gcc -c -g -O2  conftest.c >&5
configure:4612: $? = 0
configure:4616: test -z 
			 || test ! -s conftest.err
configure:4619: $? = 0
configure:4622: test -s conftest.o
configure:4625: $? = 0
configure:4636: result: yes
configure:4590: checking for memory.h
configure:4606: gcc -c -g -O2  conftest.c >&5
configure:4612: $? = 0
configure:4616: test -z 
			 || test ! -s conftest.err
configure:4619: $? = 0
configure:4622: test -s conftest.o
configure:4625: $? = 0
configure:4636: result: yes
configure:4590: checking for strings.h
configure:4606: gcc -c -g -O2  conftest.c >&5
configure:4612: $? = 0
configure:4616: test -z 
			 || test ! -s conftest.err
configure:4619: $? = 0
configure:4622: test -s conftest.o
configure:4625: $? = 0
configure:4636: result: yes
configure:4590: checking for inttypes.h
configure:4606: gcc -c -g -O2  conftest.c >&5
configure:4612: $? = 0
configure:4616: test -z 
			 || test ! -s conftest.err
configure:4619: $? = 0
configure:4622: test -s conftest.o
configure:4625: $? = 0
configure:4636: result: yes
configure:4590: checking for stdint.h
configure:4606: gcc -c -g -O2  conftest.c >&5
configure:4612: $? = 0
configure:4616: test -z 
			 || test ! -s conftest.err
configure:4619: $? = 0
configure:4622: test -s conftest.o
configure:4625: $? = 0
configure:4636: result: yes
configure:4590: checking for unistd.h
configure:4606: gcc -c -g -O2  conftest.c >&5
configure:4612: $? = 0
configure:4616: test -z 
			 || test ! -s conftest.err
configure:4619: $? = 0
configure:4622: test -s conftest.o
configure:4625: $? = 0
configure:4636: result: yes
configure:4662: checking dlfcn.h usability
configure:4674: gcc -c -g -O2  conftest.c >&5
configure:4680: $? = 0
configure:4684: test -z 
			 || test ! -s conftest.err
configure:4687: $? = 0
configure:4690: test -s conftest.o
configure:4693: $? = 0
configure:4703: result: yes
configure:4707: checking dlfcn.h presence
configure:4717: gcc -E  conftest.c
configure:4723: $? = 0
configure:4743: result: yes
configure:4778: checking for dlfcn.h
configure:4785: result: yes
configure:4850: checking for g++
configure:4866: found /usr/bin/g++
configure:4876: result: g++
configure:4892: checking for C++ compiler version
configure:4895: g++ --version </dev/null >&5
g++ (GCC) 10.1.1 20200507 (Red Hat 10.1.1-1)
Copyright (C) 2020 Free Software Foundation, Inc.
This is free software; see the source for copying conditions.  There is NO
warranty; not even for MERCHANTABILITY or FITNESS FOR A PARTICULAR PURPOSE.

configure:4898: $? = 0
configure:4900: g++ -v </dev/null >&5
Using built-in specs.
COLLECT_GCC=g++
COLLECT_LTO_WRAPPER=/usr/libexec/gcc/x86_64-redhat-linux/10/lto-wrapper
OFFLOAD_TARGET_NAMES=nvptx-none
OFFLOAD_TARGET_DEFAULT=1
Target: x86_64-redhat-linux
Configured with: ../configure --enable-bootstrap --enable-languages=c,c++,fortran,objc,obj-c++,ada,go,d,lto --prefix=/usr --mandir=/usr/share/man --infodir=/usr/share/info --with-bugurl=http://bugzilla.redhat.com/bugzilla --enable-shared --enable-threads=posix --enable-checking=release --enable-multilib --with-system-zlib --enable-__cxa_atexit --disable-libunwind-exceptions --enable-gnu-unique-object --enable-linker-build-id --with-gcc-major-version-only --with-linker-hash-style=gnu --enable-plugin --enable-initfini-array --with-isl --enable-offload-targets=nvptx-none --without-cuda-driver --enable-gnu-indirect-function --enable-cet --with-tune=generic --with-arch_32=i686 --build=x86_64-redhat-linux
Thread model: posix
Supported LTO compression algorithms: zlib zstd
gcc version 10.1.1 20200507 (Red Hat 10.1.1-1) (GCC) 
configure:4903: $? = 0
configure:4905: g++ -V </dev/null >&5
g++: error: unrecognized command-line option '-V'
g++: fatal error: no input files
compilation terminated.
configure:4908: $? = 1
configure:4911: checking whether we are using the GNU C++ compiler
configure:4935: g++ -c   conftest.cc >&5
configure:4941: $? = 0
configure:4945: test -z 
			 || test ! -s conftest.err
configure:4948: $? = 0
configure:4951: test -s conftest.o
configure:4954: $? = 0
configure:4967: result: yes
configure:4973: checking whether g++ accepts -g
configure:4994: g++ -c -g  conftest.cc >&5
configure:5000: $? = 0
configure:5004: test -z 
			 || test ! -s conftest.err
configure:5007: $? = 0
configure:5010: test -s conftest.o
configure:5013: $? = 0
configure:5024: result: yes
configure:5066: g++ -c -g -O2  conftest.cc >&5
configure:5072: $? = 0
configure:5076: test -z 
			 || test ! -s conftest.err
configure:5079: $? = 0
configure:5082: test -s conftest.o
configure:5085: $? = 0
configure:5111: g++ -c -g -O2  conftest.cc >&5
conftest.cc: In function 'int main()':
conftest.cc:25:1: error: 'exit' was not declared in this scope
   25 | exit (42);
      | ^~~~
configure:5117: $? = 1
configure: failed program was:
| /* confdefs.h.  */
| 
| #define PACKAGE_NAME "gtk+"
| #define PACKAGE_TARNAME "gtk+"
| #define PACKAGE_VERSION "2.8.0"
| #define PACKAGE_STRING "gtk+ 2.8.0"
| #define PACKAGE_BUGREPORT "http://bugzilla.gnome.org/enter_bug.cgi?product=gtk%2B"
| #define GETTEXT_PACKAGE "gtk20"
| #define STDC_HEADERS 1
| #define HAVE_SYS_TYPES_H 1
| #define HAVE_SYS_STAT_H 1
| #define HAVE_STDLIB_H 1
| #define HAVE_STRING_H 1
| #define HAVE_MEMORY_H 1
| #define HAVE_STRINGS_H 1
| #define HAVE_INTTYPES_H 1
| #define HAVE_STDINT_H 1
| #define HAVE_UNISTD_H 1
| #define HAVE_DLFCN_H 1
| /* end confdefs.h.  */
| 
| int
| main ()
| {
| exit (42);
|   ;
|   return 0;
| }
configure:5066: g++ -c -g -O2  conftest.cc >&5
configure:5072: $? = 0
configure:5076: test -z 
			 || test ! -s conftest.err
configure:5079: $? = 0
configure:5082: test -s conftest.o
configure:5085: $? = 0
configure:5111: g++ -c -g -O2  conftest.cc >&5
configure:5117: $? = 0
configure:5121: test -z 
			 || test ! -s conftest.err
configure:5124: $? = 0
configure:5127: test -s conftest.o
configure:5130: $? = 0
configure:5155: checking dependency style of g++
configure:5238: result: gcc3
configure:5265: checking how to run the C++ preprocessor
configure:5296: g++ -E  conftest.cc
configure:5302: $? = 0
configure:5334: g++ -E  conftest.cc
conftest.cc:24:10: fatal error: ac_nonexistent.h: No such file or directory
   24 | #include <ac_nonexistent.h>
      |          ^~~~~~~~~~~~~~~~~~
compilation terminated.
configure:5340: $? = 1
configure: failed program was:
| /* confdefs.h.  */
| 
| #define PACKAGE_NAME "gtk+"
| #define PACKAGE_TARNAME "gtk+"
| #define PACKAGE_VERSION "2.8.0"
| #define PACKAGE_STRING "gtk+ 2.8.0"
| #define PACKAGE_BUGREPORT "http://bugzilla.gnome.org/enter_bug.cgi?product=gtk%2B"
| #define GETTEXT_PACKAGE "gtk20"
| #define STDC_HEADERS 1
| #define HAVE_SYS_TYPES_H 1
| #define HAVE_SYS_STAT_H 1
| #define HAVE_STDLIB_H 1
| #define HAVE_STRING_H 1
| #define HAVE_MEMORY_H 1
| #define HAVE_STRINGS_H 1
| #define HAVE_INTTYPES_H 1
| #define HAVE_STDINT_H 1
| #define HAVE_UNISTD_H 1
| #define HAVE_DLFCN_H 1
| #ifdef __cplusplus
| extern "C" void std::exit (int) throw (); using std::exit;
| #endif
| /* end confdefs.h.  */
| #include <ac_nonexistent.h>
configure:5379: result: g++ -E
configure:5403: g++ -E  conftest.cc
configure:5409: $? = 0
configure:5441: g++ -E  conftest.cc
conftest.cc:24:10: fatal error: ac_nonexistent.h: No such file or directory
   24 | #include <ac_nonexistent.h>
      |          ^~~~~~~~~~~~~~~~~~
compilation terminated.
configure:5447: $? = 1
configure: failed program was:
| /* confdefs.h.  */
| 
| #define PACKAGE_NAME "gtk+"
| #define PACKAGE_TARNAME "gtk+"
| #define PACKAGE_VERSION "2.8.0"
| #define PACKAGE_STRING "gtk+ 2.8.0"
| #define PACKAGE_BUGREPORT "http://bugzilla.gnome.org/enter_bug.cgi?product=gtk%2B"
| #define GETTEXT_PACKAGE "gtk20"
| #define STDC_HEADERS 1
| #define HAVE_SYS_TYPES_H 1
| #define HAVE_SYS_STAT_H 1
| #define HAVE_STDLIB_H 1
| #define HAVE_STRING_H 1
| #define HAVE_MEMORY_H 1
| #define HAVE_STRINGS_H 1
| #define HAVE_INTTYPES_H 1
| #define HAVE_STDINT_H 1
| #define HAVE_UNISTD_H 1
| #define HAVE_DLFCN_H 1
| #ifdef __cplusplus
| extern "C" void std::exit (int) throw (); using std::exit;
| #endif
| /* end confdefs.h.  */
| #include <ac_nonexistent.h>
configure:5544: checking for g77
configure:5573: result: no
configure:5544: checking for f77
configure:5573: result: no
configure:5544: checking for xlf
configure:5573: result: no
configure:5544: checking for frt
configure:5573: result: no
configure:5544: checking for pgf77
configure:5573: result: no
configure:5544: checking for fort77
configure:5573: result: no
configure:5544: checking for fl32
configure:5573: result: no
configure:5544: checking for af77
configure:5573: result: no
configure:5544: checking for f90
configure:5573: result: no
configure:5544: checking for xlf90
configure:5573: result: no
configure:5544: checking for pgf90
configure:5573: result: no
configure:5544: checking for epcf90
configure:5573: result: no
configure:5544: checking for f95
configure:5573: result: no
configure:5544: checking for fort
configure:5573: result: no
configure:5544: checking for xlf95
configure:5573: result: no
configure:5544: checking for ifc
configure:5573: result: no
configure:5544: checking for efc
configure:5573: result: no
configure:5544: checking for pgf95
configure:5573: result: no
configure:5544: checking for lf95
configure:5573: result: no
configure:5544: checking for gfortran
configure:5573: result: no
configure:5587: checking for Fortran 77 compiler version
configure:5588:  --version </dev/null >&5
./configure: line 5589: --version: command not found
configure:5591: $? = 127
configure:5593:  -v </dev/null >&5
./configure: line 5594: -v: command not found
configure:5596: $? = 127
configure:5598:  -V </dev/null >&5
./configure: line 5599: -V: command not found
configure:5601: $? = 127
configure:5609: checking whether we are using the GNU Fortran 77 compiler
configure:5623:  -c  conftest.F >&5
./configure: line 5624: -c: command not found
configure:5629: $? = 127
configure: failed program was:
|       program main
| #ifndef __GNUC__
|        choke me
| #endif
| 
|       end
configure:5655: result: no
configure:5661: checking whether  accepts -g
configure:5673:  -c -g conftest.f >&5
./configure: line 5674: -c: command not found
configure:5679: $? = 127
configure: failed program was:
|       program main
| 
|       end
configure:5704: result: no
configure:5734: checking the maximum length of command line arguments
configure:5826: result: 32768
configure:5837: checking command to parse /usr/bin/nm -B output from gcc object
configure:5933: gcc -c -g -O2  conftest.c >&5
configure:5936: $? = 0
configure:5940: /usr/bin/nm -B conftest.o \| sed -n -e 's/^.*[ 	]\([ABCDGIRSTW][ABCDGIRSTW]*\)[ 	][ 	]*\([_A-Za-z][_A-Za-z0-9]*\)$/\1 \2 \2/p' \> conftest.nm
configure:5943: $? = 0
configure:5995: gcc -o conftest -g -O2   conftest.c conftstm.o >&5
configure:5998: $? = 0
configure:6036: result: ok
configure:6040: checking for objdir
configure:6055: result: .libs
configure:6145: checking for ar
configure:6161: found /usr/bin/ar
configure:6172: result: ar
configure:6225: checking for ranlib
configure:6241: found /usr/bin/ranlib
configure:6252: result: ranlib
configure:6305: checking for strip
configure:6321: found /usr/bin/strip
configure:6332: result: strip
configure:6619: checking if gcc static flag  works
configure:6647: result: yes
configure:6665: checking if gcc supports -fno-rtti -fno-exceptions
configure:6685: gcc -c -g -O2  -fno-rtti -fno-exceptions conftest.c >&5
cc1: warning: command-line option '-fno-rtti' is valid for C++/D/ObjC++ but not for C
configure:6689: $? = 0
configure:6700: result: no
configure:6690: checking for gcc option to produce PIC
configure:6894: result: -fPIC
configure:6902: checking if gcc PIC flag -fPIC works
configure:6947: gcc -c -g -O2  -fPIC -DPIC conftest.c >&5
configure:6951: $? = 0
configure:6937: result: yes
configure:6932: checking if gcc supports -c -o file.o
configure:7009: gcc -c -g -O2  -o out/conftest2.o conftest.c >&5
configure:7013: $? = 0
configure:6955: result: yes
configure:6981: checking whether the gcc linker (/usr/bin/ld -m elf_x86_64) supports shared libraries
configure:7877: result: yes
configure:7903: checking whether -lc should be explicitly linked in
configure:7908: gcc -c -g -O2  conftest.c >&5
configure:7911: $? = 0
configure:7925: gcc -shared conftest.o  -v -Wl,-soname -Wl,conftest -o conftest 2\>\&1 \| grep  -lc  \>/dev/null 2\>\&1
configure:7928: $? = 0
configure:7940: result: no
configure:7948: checking dynamic linker characteristics
configure:8316: gcc -c -g -O2  conftest.c >&5
configure:8319: $? = 0
configure:8515: result: GNU/Linux ld.so
configure:8519: checking how to hardcode library paths into programs
configure:8544: result: immediate
configure:8558: checking whether stripping libraries is possible
configure:8563: result: yes
configure:9393: checking if libtool supports shared libraries
configure:9395: result: yes
configure:9398: checking whether to build shared libraries
configure:9419: result: yes
configure:9422: checking whether to build static libraries
configure:9426: result: no
configure:9518: creating libtool
configure:10096: checking for ld used by g++
configure:10163: result: /usr/bin/ld -m elf_x86_64
configure:10172: checking if the linker (/usr/bin/ld -m elf_x86_64) is GNU ld
configure:10187: result: yes
configure:10238: checking whether the g++ linker (/usr/bin/ld -m elf_x86_64) supports shared libraries
configure:11125: result: yes
configure:11143: g++ -c -g -O2  conftest.cc >&5
configure:11146: $? = 0
configure:11242: checking for g++ option to produce PIC
configure:11510: result: -fPIC
configure:11518: checking if g++ PIC flag -fPIC works
configure:11616: g++ -c -g -O2  -fPIC -DPIC conftest.cc >&5
configure:11620: $? = 0
configure:11553: result: yes
configure:11577: checking if g++ supports -c -o file.o
configure:11678: g++ -c -g -O2  -o out/conftest2.o conftest.cc >&5
configure:11682: $? = 0
configure:11624: result: yes
configure:11650: checking whether the g++ linker (/usr/bin/ld -m elf_x86_64) supports shared libraries
configure:11675: result: yes
configure:11746: checking dynamic linker characteristics
configure:12114: g++ -c -g -O2  conftest.cc >&5
configure:12117: $? = 0
configure:12313: result: GNU/Linux ld.so
configure:12317: checking how to hardcode library paths into programs
configure:12342: result: immediate
configure:12356: checking whether stripping libraries is possible
configure:12361: result: yes
configure:19918: checking for special C compiler options needed for large files
configure:20017: result: no
configure:20023: checking for _FILE_OFFSET_BITS value needed for large files
configure:20054: gcc -c -g -O2  conftest.c >&5
configure:20060: $? = 0
configure:20064: test -z 
			 || test ! -s conftest.err
configure:20067: $? = 0
configure:20070: test -s conftest.o
configure:20073: $? = 0
configure:20138: result: no
configure:20148: checking for _LARGE_FILES value needed for large files
configure:20179: gcc -c -g -O2  conftest.c >&5
configure:20185: $? = 0
configure:20189: test -z 
			 || test ! -s conftest.err
configure:20192: $? = 0
configure:20195: test -s conftest.o
configure:20198: $? = 0
configure:20263: result: no
configure:20285: checking for nm
configure:20316: result: /usr/bin/nm -B
configure:20324: checking whether to enable maintainer-specific portions of Makefiles
configure:20333: result: no
configure:20349: checking for some Win32 platform
configure:20359: result: no
configure:20661: checking whether build environment is sane
configure:20704: result: yes
configure:20709: checking for strerror in -lcposix
configure:20739: gcc -o conftest -g -O2   conftest.c -lcposix   >&5
/usr/bin/ld: cannot find -lcposix
collect2: error: ld returned 1 exit status
configure:20745: $? = 1
configure: failed program was:
| /* confdefs.h.  */
| 
| #define PACKAGE_NAME "gtk+"
| #define PACKAGE_TARNAME "gtk+"
| #define PACKAGE_VERSION "2.8.0"
| #define PACKAGE_STRING "gtk+ 2.8.0"
| #define PACKAGE_BUGREPORT "http://bugzilla.gnome.org/enter_bug.cgi?product=gtk%2B"
| #define GETTEXT_PACKAGE "gtk20"
| #define STDC_HEADERS 1
| #define HAVE_SYS_TYPES_H 1
| #define HAVE_SYS_STAT_H 1
| #define HAVE_STDLIB_H 1
| #define HAVE_STRING_H 1
| #define HAVE_MEMORY_H 1
| #define HAVE_STRINGS_H 1
| #define HAVE_INTTYPES_H 1
| #define HAVE_STDINT_H 1
| #define HAVE_UNISTD_H 1
| #define HAVE_DLFCN_H 1
| #ifdef __cplusplus
| extern "C" void std::exit (int) throw (); using std::exit;
| #endif
| #define GTK_COMPILED_WITH_DEBUGGING "minimum"
| /* end confdefs.h.  */
| 
| /* Override any gcc2 internal prototype to avoid an error.  */
| #ifdef __cplusplus
| extern "C"
| #endif
| /* We use char because int might match the return type of a gcc2
|    builtin and then its argument prototype would still apply.  */
| char strerror ();
| int
| main ()
| {
| strerror ();
|   ;
|   return 0;
| }
configure:20771: result: no
configure:20782: checking for gcc option to accept ANSI C
configure:20845: gcc  -c -g -O2  conftest.c >&5
configure:20851: $? = 0
configure:20855: test -z 
			 || test ! -s conftest.err
configure:20858: $? = 0
configure:20861: test -s conftest.o
configure:20864: $? = 0
configure:20879: result: none needed
configure:20903: checking for a BSD-compatible install
configure:20958: result: /usr/bin/install -c
configure:20969: checking whether make sets $(MAKE)
configure:20989: result: yes
configure:21114: checking for pkg-config
configure:21132: found /usr/bin/pkg-config
configure:21144: result: /usr/bin/pkg-config
configure:21159: checking pkg-config is at least version 0.9.0
configure:21162: result: yes
configure:21173: checking for BASE_DEPENDENCIES_CFLAGS
configure:21181: $PKG_CONFIG --exists "glib-2.0 >= 2.7.1    atk >= 1.0.1    pango >= 1.9.0    cairo >= 0.9.2" >/dev/null 2>&1
configure:21184: $? = 0
configure:21194: result: -I/usr/include/glib-2.0 -I/usr/lib64/glib-2.0/include -I/usr/include/atk-1.0 -I/usr/include/pango-1.0 -I/usr/include/harfbuzz -I/usr/include/fribidi -I/usr/include/freetype2 -I/usr/include/libpng16 -I/usr/include/cairo -I/usr/include/pixman-1 
configure:21196: checking for BASE_DEPENDENCIES_LIBS
configure:21204: $PKG_CONFIG --exists "glib-2.0 >= 2.7.1    atk >= 1.0.1    pango >= 1.9.0    cairo >= 0.9.2" >/dev/null 2>&1
configure:21207: $? = 0
configure:21217: result: -latk-1.0 -lpango-1.0 -lgobject-2.0 -lglib-2.0 -lharfbuzz -lcairo 
configure:21287: checking Whether to write dependencies into .pc files
configure:21305: result: no
configure:21326: checking for perl5
configure:21359: result: no
configure:21326: checking for perl
configure:21344: found /usr/bin/perl
configure:21356: result: /usr/bin/perl
configure:21370: checking for indent
configure:21399: result: no
configure:21418: checking for lstat
configure:21475: gcc -o conftest -g -O2 -Wall   conftest.c  >&5
configure:21481: $? = 0
configure:21485: test -z 
			 || test ! -s conftest.err
configure:21488: $? = 0
configure:21491: test -s conftest
configure:21494: $? = 0
configure:21506: result: yes
configure:21418: checking for mkstemp
configure:21475: gcc -o conftest -g -O2 -Wall   conftest.c  >&5
configure:21481: $? = 0
configure:21485: test -z 
			 || test ! -s conftest.err
configure:21488: $? = 0
configure:21491: test -s conftest
configure:21494: $? = 0
configure:21506: result: yes
configure:21418: checking for flockfile
configure:21475: gcc -o conftest -g -O2 -Wall   conftest.c  >&5
configure:21481: $? = 0
configure:21485: test -z 
			 || test ! -s conftest.err
configure:21488: $? = 0
configure:21491: test -s conftest
configure:21494: $? = 0
configure:21506: result: yes
configure:21518: checking for _NL_TIME_FIRST_WEEKDAY
configure:21539: gcc -o conftest -g -O2 -Wall   conftest.c  >&5
conftest.c: In function 'main':
conftest.c:33:6: warning: variable 'c' set but not used [-Wunused-but-set-variable]
   33 | char c;
      |      ^
configure:21545: $? = 0
configure:21549: test -z 
			 || test ! -s conftest.err
configure:21552: $? = 0
configure:21555: test -s conftest
configure:21558: $? = 0
configure:21569: result: yes
configure:21580: checking for sigsetjmp
configure:21601: gcc -o conftest -g -O2 -Wall   conftest.c  >&5
configure:21607: $? = 0
configure:21611: test -z 
			 || test ! -s conftest.err
configure:21614: $? = 0
configure:21617: test -s conftest
configure:21620: $? = 0
configure:21631: result: yes
configure:21662: checking locale.h usability
configure:21674: gcc -c -g -O2 -Wall  conftest.c >&5
configure:21680: $? = 0
configure:21684: test -z 
			 || test ! -s conftest.err
configure:21687: $? = 0
configure:21690: test -s conftest.o
configure:21693: $? = 0
configure:21703: result: yes
configure:21707: checking locale.h presence
configure:21717: gcc -E  conftest.c
configure:21723: $? = 0
configure:21743: result: yes
configure:21778: checking for locale.h
configure:21785: result: yes
configure:21799: checking for LC_MESSAGES
configure:21820: gcc -o conftest -g -O2 -Wall   conftest.c  >&5
configure:21826: $? = 0
configure:21830: test -z 
			 || test ! -s conftest.err
configure:21833: $? = 0
configure:21836: test -s conftest
configure:21839: $? = 0
configure:21851: result: yes
configure:21880: checking libintl.h usability
configure:21892: gcc -c -g -O2 -Wall  conftest.c >&5
configure:21898: $? = 0
configure:21902: test -z 
			 || test ! -s conftest.err
configure:21905: $? = 0
configure:21908: test -s conftest.o
configure:21911: $? = 0
configure:21921: result: yes
configure:21925: checking libintl.h presence
configure:21935: gcc -E  conftest.c
configure:21941: $? = 0
configure:21961: result: yes
configure:21996: checking for libintl.h
configure:22003: result: yes
configure:22014: checking for ngettext in libc
configure:22037: gcc -o conftest -g -O2 -Wall   conftest.c  >&5
configure:22043: $? = 0
configure:22047: test -z 
			 || test ! -s conftest.err
configure:22050: $? = 0
configure:22053: test -s conftest
configure:22056: $? = 0
configure:22069: result: yes
configure:22073: checking for dgettext in libc
configure:22096: gcc -o conftest -g -O2 -Wall   conftest.c  >&5
configure:22102: $? = 0
configure:22106: test -z 
			 || test ! -s conftest.err
configure:22109: $? = 0
configure:22112: test -s conftest
configure:22115: $? = 0
configure:22128: result: yes
configure:22137: checking for bind_textdomain_codeset
configure:22194: gcc -o conftest -g -O2 -Wall   conftest.c  >&5
configure:22200: $? = 0
configure:22204: test -z 
			 || test ! -s conftest.err
configure:22207: $? = 0
configure:22210: test -s conftest
configure:22213: $? = 0
configure:22225: result: yes
configure:22735: checking for msgfmt
configure:22762: result: /usr/bin/msgfmt
configure:22775: checking for dcgettext
configure:22832: gcc -o conftest -g -O2 -Wall   conftest.c   >&5
conftest.c:58:6: warning: conflicting types for built-in function 'dcgettext'; expected 'char *(const char *, const char *, int)' [-Wbuiltin-declaration-mismatch]
   58 | char dcgettext ();
      |      ^~~~~~~~~
configure:22838: $? = 0
configure:22842: test -z 
			 || test ! -s conftest.err
configure:22845: $? = 0
configure:22848: test -s conftest
configure:22851: $? = 0
configure:22863: result: yes
configure:22875: checking for gmsgfmt
configure:22906: result: /usr/bin/msgfmt
configure:22915: checking for xgettext
configure:22942: result: /usr/bin/xgettext
configure:22966: gcc -o conftest -g -O2 -Wall   conftest.c   >&5
configure:22972: $? = 0
configure:22976: test -z 
			 || test ! -s conftest.err
configure:22979: $? = 0
configure:22982: test -s conftest
configure:22985: $? = 0
configure:23158: checking for catalogs to be installed
configure:23183: result:  af am ar az az_IR be bg bn br bs ca cs cy da de el en_CA en_GB es et eu fa fi fr ga gl gu he hi hr hu hy ia id is it ja ko li lt lv mi mk ml mn mr ms nb ne nl nn no nso pa pl pt pt_BR ro ru rw sk sl sq sr sr@ije sr@Latn sv ta te th tk tr uk uz uz@Latn vi wa xh yi zh_CN zh_TW
configure:23237: checking for extra flags to get ANSI library prototypes
configure:23257: gcc -o conftest -g -O2 -Wall   conftest.c   -lm >&5
configure:23260: $? = 0
configure:23262: ./conftest
configure:23265: $? = 0
configure:23267: result: none needed
configure:23322: checking for the BeOS
configure:23331: result: no
configure:23339: checking for HP-UX
configure:23348: result: no
configure:23353: checking for extra flags for POSIX compliance
configure:23371: gcc -c -g -O2 -Wall  conftest.c >&5
conftest.c: In function 'main':
conftest.c:41:6: warning: unused variable 'dir' [-Wunused-variable]
   41 | DIR *dir;
      |      ^~~
configure:23377: $? = 0
configure:23381: test -z 
			 || test ! -s conftest.err
configure:23384: $? = 0
configure:23387: test -s conftest.o
configure:23390: $? = 0
configure:23392: result: none needed
configure:23488: checking for pkg-config
configure:23519: result: /usr/bin/pkg-config
configure:23542: checking for GLIB - version >= 2.7.1
configure:23661: gcc -o conftest -g -O2 -Wall -I/usr/include/glib-2.0 -I/usr/lib64/glib-2.0/include -pthread    conftest.c -lgobject-2.0 -lgmodule-2.0 -lgthread-2.0 -pthread -lglib-2.0    >&5
configure:23664: $? = 0
configure:23666: ./conftest
configure:23669: $? = 0
configure:23687: result: yes (version 2.64.1)
configure:23794: checking for bind_textdomain_codeset
configure:23882: result: yes
configure:23908: checking pwd.h usability
configure:23920: gcc -c -g -O2 -Wall  conftest.c >&5
configure:23926: $? = 0
configure:23930: test -z 
			 || test ! -s conftest.err
configure:23933: $? = 0
configure:23936: test -s conftest.o
configure:23939: $? = 0
configure:23949: result: yes
configure:23953: checking pwd.h presence
configure:23963: gcc -E  conftest.c
configure:23969: $? = 0
configure:23989: result: yes
configure:24024: checking for pwd.h
configure:24031: result: yes
configure:24061: checking sys/time.h usability
configure:24073: gcc -c -g -O2 -Wall  conftest.c >&5
configure:24079: $? = 0
configure:24083: test -z 
			 || test ! -s conftest.err
configure:24086: $? = 0
configure:24089: test -s conftest.o
configure:24092: $? = 0
configure:24102: result: yes
configure:24106: checking sys/time.h presence
configure:24116: gcc -E  conftest.c
configure:24122: $? = 0
configure:24142: result: yes
configure:24177: checking for sys/time.h
configure:24184: result: yes
configure:24205: checking for unistd.h
configure:24210: result: yes
configure:24543: checking for ANSI C header files
configure:24699: result: yes
configure:24711: checking for an ANSI C-conforming const
configure:24778: gcc -c -g -O2 -Wall  conftest.c >&5
conftest.c: In function 'main':
conftest.c:72:17: warning: unused variable 's' [-Wunused-variable]
   72 |     char const *s = 0 ? (char *) 0 : (char const *) 0;
      |                 ^
conftest.c:92:15: warning: unused variable 'foo' [-Wunused-variable]
   92 |     const int foo = 10;
      |               ^~~
conftest.c:59:29: warning: unused variable 'zero' [-Wunused-variable]
   59 |   static struct point const zero = {0,0};
      |                             ^~~~
conftest.c:53:17: warning: unused variable 'x' [-Wunused-variable]
   53 |   const charset x;
      |                 ^
At top level:
conftest.c:59:29: warning: 'zero' defined but not used [-Wunused-const-variable=]
   59 |   static struct point const zero = {0,0};
      |                             ^~~~
conftest.c: In function 'main':
conftest.c:74:7: warning: 't' is used uninitialized in this function [-Wuninitialized]
   74 |     *t++ = 0;
      |      ~^~
conftest.c:89:23: warning: 'b' is used uninitialized in this function [-Wuninitialized]
   89 |     struct s *b; b->j = 5;
      |                  ~~~~~^~~
configure:24784: $? = 0
configure:24788: test -z 
			 || test ! -s conftest.err
configure:24791: $? = 0
configure:24794: test -s conftest.o
configure:24797: $? = 0
configure:24808: result: yes
configure:24820: checking return type of signal handlers
configure:24851: gcc -c -g -O2 -Wall  conftest.c >&5
conftest.c: In function 'main':
conftest.c:59:5: warning: unused variable 'i' [-Wunused-variable]
   59 | int i;
      |     ^
configure:24857: $? = 0
configure:24861: test -z 
			 || test ! -s conftest.err
configure:24864: $? = 0
configure:24867: test -s conftest.o
configure:24870: $? = 0
configure:24881: result: void
configure:24895: checking for stdlib.h
configure:24900: result: yes
configure:24895: checking for unistd.h
configure:24900: result: yes
configure:25044: checking for getpagesize
configure:25101: gcc -o conftest -g -O2 -Wall   conftest.c   >&5
configure:25107: $? = 0
configure:25111: test -z 
			 || test ! -s conftest.err
configure:25114: $? = 0
configure:25117: test -s conftest
configure:25120: $? = 0
configure:25132: result: yes
configure:25142: checking for working mmap
configure:25284: gcc -o conftest -g -O2 -Wall   conftest.c   >&5
configure:25287: $? = 0
configure:25289: ./conftest
configure:25292: $? = 0
configure:25306: result: yes
configure:25322: checking for mallinfo
configure:25379: gcc -o conftest -g -O2 -Wall   conftest.c   >&5
configure:25385: $? = 0
configure:25389: test -z 
			 || test ! -s conftest.err
configure:25392: $? = 0
configure:25395: test -s conftest
configure:25398: $? = 0
configure:25410: result: yes
configure:25424: checking for getresuid
configure:25481: gcc -o conftest -g -O2 -Wall   conftest.c   >&5
configure:25487: $? = 0
configure:25491: test -z 
			 || test ! -s conftest.err
configure:25494: $? = 0
configure:25497: test -s conftest
configure:25500: $? = 0
configure:25512: result: yes
configure:25522: checking for uid_t in sys/types.h
configure:25545: result: yes
configure:25562: checking for fd_set
configure:25580: gcc -c -g -O2 -Wall  conftest.c >&5
conftest.c: In function 'main':
conftest.c:56:18: warning: unused variable 'writeMask' [-Wunused-variable]
   56 | fd_set readMask, writeMask;
      |                  ^~~~~~~~~
conftest.c:56:8: warning: unused variable 'readMask' [-Wunused-variable]
   56 | fd_set readMask, writeMask;
      |        ^~~~~~~~
configure:25586: $? = 0
configure:25590: test -z 
			 || test ! -s conftest.err
configure:25593: $? = 0
configure:25596: test -s conftest.o
configure:25599: $? = 0
configure:25610: result: yes, found in sys/types.h
configure:25646: checking for wchar.h
configure:25656: gcc -E  conftest.c
configure:25662: $? = 0
configure:25689: result: yes
configure:25693: checking for wctype.h
configure:25703: gcc -E  conftest.c
configure:25709: $? = 0
configure:25736: result: yes
configure:25741: checking for iswalnum
configure:25798: gcc -o conftest -g -O2 -Wall   conftest.c   >&5
conftest.c:78:6: warning: conflicting types for built-in function 'iswalnum'; expected 'int(unsigned int)' [-Wbuiltin-declaration-mismatch]
   78 | char iswalnum ();
      |      ^~~~~~~~
conftest.c:65:1: note: 'iswalnum' is declared in header '<wctype.h>'
   64 | # include <limits.h>
   65 | #else
configure:25804: $? = 0
configure:25808: test -z 
			 || test ! -s conftest.err
configure:25811: $? = 0
configure:25814: test -s conftest
configure:25817: $? = 0
configure:25829: result: yes
configure:25908: checking if iswalnum() and friends are properly defined
configure:25939: gcc -o conftest -g -O2 -Wall   conftest.c    >&5
conftest.c: In function 'main':
conftest.c:70:1: warning: statement with no effect [-Wunused-value]
   70 | iswalnum((wchar_t) 0);
      | ^~~~~~~~~~~~~~~~~~~~~
configure:25945: $? = 0
configure:25949: test -z 
			 || test ! -s conftest.err
configure:25952: $? = 0
configure:25955: test -s conftest
configure:25958: $? = 0
configure:25979: result: yes
configure:25984: checking for uxtheme.h
configure:25994: gcc -E  conftest.c
conftest.c:54:10: fatal error: uxtheme.h: No such file or directory
   54 | #include <uxtheme.h>
      |          ^~~~~~~~~~~
compilation terminated.
configure:26000: $? = 1
configure: failed program was:
| /* confdefs.h.  */
| 
| #define PACKAGE_NAME "gtk+"
| #define PACKAGE_TARNAME "gtk+"
| #define PACKAGE_VERSION "2.8.0"
| #define PACKAGE_STRING "gtk+ 2.8.0"
| #define PACKAGE_BUGREPORT "http://bugzilla.gnome.org/enter_bug.cgi?product=gtk%2B"
| #define GETTEXT_PACKAGE "gtk20"
| #define STDC_HEADERS 1
| #define HAVE_SYS_TYPES_H 1
| #define HAVE_SYS_STAT_H 1
| #define HAVE_STDLIB_H 1
| #define HAVE_STRING_H 1
| #define HAVE_MEMORY_H 1
| #define HAVE_STRINGS_H 1
| #define HAVE_INTTYPES_H 1
| #define HAVE_STDINT_H 1
| #define HAVE_UNISTD_H 1
| #define HAVE_DLFCN_H 1
| #ifdef __cplusplus
| extern "C" void std::exit (int) throw (); using std::exit;
| #endif
| #define GTK_COMPILED_WITH_DEBUGGING "minimum"
| #define HAVE_LSTAT 1
| #define HAVE_MKSTEMP 1
| #define HAVE_FLOCKFILE 1
| #define HAVE__NL_TIME_FIRST_WEEKDAY 1
| #define HAVE_SIGSETJMP 1
| #define HAVE_LOCALE_H 1
| #define HAVE_LC_MESSAGES 1
| #define HAVE_BIND_TEXTDOMAIN_CODESET 1
| #define HAVE_GETTEXT 1
| #define HAVE_DCGETTEXT 1
| #define ENABLE_NLS 1
| #define GTK_LOCALEDIR "/usr/local/share/locale"
| #define HAVE_BIND_TEXTDOMAIN_CODESET 1
| #define HAVE_PWD_H 1
| #define HAVE_PWD_H 1
| #define HAVE_SYS_TIME_H 1
| #define HAVE_SYS_TIME_H 1
| #define HAVE_UNISTD_H 1
| #define HAVE_UNISTD_H 1
| #define STDC_HEADERS 1
| #define RETSIGTYPE void
| #define HAVE_STDLIB_H 1
| #define HAVE_UNISTD_H 1
| #define HAVE_GETPAGESIZE 1
| #define HAVE_MMAP 1
| #define HAVE_MALLINFO 1
| #define HAVE_GETRESUID 1
| #define HAVE_WCHAR_H 1
| #define HAVE_WCTYPE_H 1
| /* end confdefs.h.  */
| #include <uxtheme.h>
configure:26027: result: no
configure:26050: checking whether to build gmodulized gdk-pixbuf
configure:26065: result: yes
configure:26067: checking whether dynamic modules work
configure:26092: result: yes
configure:26121: checking for TIFFReadScanline in -ltiff
configure:26151: gcc -o conftest -g -O2 -Wall   conftest.c -ltiff -lm   >&5
configure:26157: $? = 0
configure:26161: test -z 
			 || test ! -s conftest.err
configure:26164: $? = 0
configure:26167: test -s conftest
configure:26170: $? = 0
configure:26183: result: yes
configure:26196: checking tiffio.h usability
configure:26208: gcc -c -g -O2 -Wall  conftest.c >&5
configure:26214: $? = 0
configure:26218: test -z 
			 || test ! -s conftest.err
configure:26221: $? = 0
configure:26224: test -s conftest.o
configure:26227: $? = 0
configure:26237: result: yes
configure:26241: checking tiffio.h presence
configure:26251: gcc -E  conftest.c
configure:26257: $? = 0
configure:26277: result: yes
configure:26312: checking for tiffio.h
configure:26319: result: yes
configure:26777: checking for jpeg_destroy_decompress in -ljpeg
configure:26807: gcc -o conftest -g -O2 -Wall   conftest.c -ljpeg    >&5
configure:26813: $? = 0
configure:26817: test -z 
			 || test ! -s conftest.err
configure:26820: $? = 0
configure:26823: test -s conftest
configure:26826: $? = 0
configure:26839: result: yes
configure:26850: checking for jpeglib.h
configure:26864: gcc -E  conftest.c
configure:26870: $? = 0
configure:26890: result: yes
configure:26894: checking for jpeg_simple_progression in -ljpeg
configure:26924: gcc -o conftest -g -O2 -Wall   conftest.c -ljpeg    >&5
configure:26930: $? = 0
configure:26934: test -z 
			 || test ! -s conftest.err
configure:26937: $? = 0
configure:26940: test -s conftest
configure:26943: $? = 0
configure:26956: result: yes
configure:26988: checking for libpng12
configure:26997: result: no
configure:26999: checking for png_read_info in -lpng
configure:27029: gcc -o conftest -g -O2 -Wall   conftest.c -lpng -lz -lm   >&5
configure:27035: $? = 0
configure:27039: test -z 
			 || test ! -s conftest.err
configure:27042: $? = 0
configure:27045: test -s conftest
configure:27048: $? = 0
configure:27061: result: yes
configure:27074: checking png.h usability
configure:27086: gcc -c -g -O2 -Wall  conftest.c >&5
configure:27092: $? = 0
configure:27096: test -z 
			 || test ! -s conftest.err
configure:27099: $? = 0
configure:27102: test -s conftest.o
configure:27105: $? = 0
configure:27115: result: yes
configure:27119: checking png.h presence
configure:27129: gcc -E  conftest.c
configure:27135: $? = 0
configure:27155: result: yes
configure:27190: checking for png.h
configure:27197: result: yes
configure:27214: checking for png_structp in png.h
configure:27232: gcc -c -g -O2 -Wall  conftest.c >&5
conftest.c: In function 'main':
conftest.c:60:50: warning: statement with no effect [-Wunused-value]
   60 | png_structp pp; png_infop info; png_colorp cmap; png_create_read_struct;
      |                                                  ^~~~~~~~~~~~~~~~~~~~~~
conftest.c:60:44: warning: unused variable 'cmap' [-Wunused-variable]
   60 | png_structp pp; png_infop info; png_colorp cmap; png_create_read_struct;
      |                                            ^~~~
conftest.c:60:27: warning: unused variable 'info' [-Wunused-variable]
   60 | png_structp pp; png_infop info; png_colorp cmap; png_create_read_struct;
      |                           ^~~~
conftest.c:60:13: warning: unused variable 'pp' [-Wunused-variable]
   60 | png_structp pp; png_infop info; png_colorp cmap; png_create_read_struct;
      |             ^~
configure:27238: $? = 0
configure:27242: test -z 
			 || test ! -s conftest.err
configure:27245: $? = 0
configure:27248: test -s conftest.o
configure:27251: $? = 0
configure:27261: result: yes
configure:27308: checking pixbuf loaders to build
configure:27336: result: 
configure:27359: checking for sys/wait.h that is POSIX.1 compatible
configure:27390: gcc -c -g -O2 -Wall  conftest.c >&5
configure:27396: $? = 0
configure:27400: test -z 
			 || test ! -s conftest.err
configure:27403: $? = 0
configure:27406: test -s conftest.o
configure:27409: $? = 0
configure:27420: result: yes
configure:27431: checking return type of signal handlers
configure:27492: result: void
configure:27553: checking for x86 platform
configure:27562: result: no
configure:29152: checking for XOpenDisplay
configure:29209: gcc -o conftest -g -O2 -Wall    conftest.c  -lX11 -lXext   >&5
configure:29215: $? = 0
configure:29219: test -z 
			 || test ! -s conftest.err
configure:29222: $? = 0
configure:29225: test -s conftest
configure:29228: $? = 0
configure:29240: result: yes
configure:29250: checking for XextFindDisplay
configure:29307: gcc -o conftest -g -O2 -Wall    conftest.c  -lX11 -lXext   >&5
configure:29313: $? = 0
configure:29317: test -z 
			 || test ! -s conftest.err
configure:29320: $? = 0
configure:29323: test -s conftest
configure:29326: $? = 0
configure:29338: result: yes
configure:29351: checking if <X11/extensions/XIproto.h> is needed for xReply
configure:29369: gcc -c -g -O2 -Wall   conftest.c >&5
conftest.c: In function 'main':
conftest.c:62:9: warning: unused variable 'rep' [-Wunused-variable]
   62 | xReply *rep;
      |         ^~~
configure:29375: $? = 0
configure:29379: test -z 
			 || test ! -s conftest.err
configure:29382: $? = 0
configure:29385: test -s conftest.o
configure:29388: $? = 0
configure:29390: result: no
configure:29462: checking for XConvertCase
configure:29519: gcc -o conftest -g -O2 -Wall    conftest.c  -lX11 -lXext   >&5
configure:29525: $? = 0
configure:29529: test -z 
			 || test ! -s conftest.err
configure:29532: $? = 0
configure:29535: test -s conftest
configure:29538: $? = 0
configure:29550: result: yes
configure:29462: checking for XInternAtoms
configure:29519: gcc -o conftest -g -O2 -Wall    conftest.c  -lX11 -lXext   >&5
configure:29525: $? = 0
configure:29529: test -z 
			 || test ! -s conftest.err
configure:29532: $? = 0
configure:29535: test -s conftest
configure:29538: $? = 0
configure:29550: result: yes
configure:29567: checking for XAddConnectionWatch
configure:29624: gcc -o conftest -g -O2 -Wall    conftest.c  -lX11 -lXext   >&5
configure:29630: $? = 0
configure:29634: test -z 
			 || test ! -s conftest.err
configure:29637: $? = 0
configure:29640: test -s conftest
configure:29643: $? = 0
configure:29655: result: yes
configure:29690: checking for XkbQueryExtension
configure:29747: gcc -o conftest -g -O2 -Wall    conftest.c  -lX11 -lXext   >&5
configure:29753: $? = 0
configure:29757: test -z 
			 || test ! -s conftest.err
configure:29760: $? = 0
configure:29763: test -s conftest
configure:29766: $? = 0
configure:29778: result: yes
configure:29794: checking for XShapeCombineMask
configure:29851: gcc -o conftest -g -O2 -Wall    conftest.c  -lX11 -lXext   >&5
configure:29857: $? = 0
configure:29861: test -z 
			 || test ! -s conftest.err
configure:29864: $? = 0
configure:29867: test -s conftest
configure:29870: $? = 0
configure:29882: result: yes
configure:29894: checking for XSyncQueryExtension
configure:29951: gcc -o conftest -g -O2 -Wall    conftest.c  -lX11 -lXext   >&5
configure:29957: $? = 0
configure:29961: test -z 
			 || test ! -s conftest.err
configure:29964: $? = 0
configure:29967: test -s conftest
configure:29970: $? = 0
configure:29982: result: yes
configure:29985: checking for X11/extensions/sync.h
configure:30001: gcc -c -g -O2 -Wall   conftest.c >&5
configure:30007: $? = 0
configure:30011: test -z 
			 || test ! -s conftest.err
configure:30014: $? = 0
configure:30017: test -s conftest.o
configure:30020: $? = 0
configure:30031: result: yes
configure:30051: checking for XShmAttach
configure:30108: gcc -o conftest -g -O2 -Wall    conftest.c  -lX11 -lXext   >&5
configure:30114: $? = 0
configure:30118: test -z 
			 || test ! -s conftest.err
configure:30121: $? = 0
configure:30124: test -s conftest
configure:30127: $? = 0
configure:30139: result: yes
configure:30233: checking sys/ipc.h usability
configure:30245: gcc -c -g -O2 -Wall   conftest.c >&5
configure:30251: $? = 0
configure:30255: test -z 
			 || test ! -s conftest.err
configure:30258: $? = 0
configure:30261: test -s conftest.o
configure:30264: $? = 0
configure:30274: result: yes
configure:30278: checking sys/ipc.h presence
configure:30288: gcc -E   conftest.c
configure:30294: $? = 0
configure:30314: result: yes
configure:30349: checking for sys/ipc.h
configure:30356: result: yes
configure:30380: checking sys/shm.h usability
configure:30392: gcc -c -g -O2 -Wall   conftest.c >&5
configure:30398: $? = 0
configure:30402: test -z 
			 || test ! -s conftest.err
configure:30405: $? = 0
configure:30408: test -s conftest.o
configure:30411: $? = 0
configure:30421: result: yes
configure:30425: checking sys/shm.h presence
configure:30435: gcc -E   conftest.c
configure:30441: $? = 0
configure:30461: result: yes
configure:30496: checking for sys/shm.h
configure:30503: result: yes
configure:30520: checking X11/extensions/XShm.h
configure:30551: gcc -c -g -O2 -Wall    conftest.c >&5
conftest.c: In function 'main':
conftest.c:78:18: warning: unused variable 'x_shm_info' [-Wunused-variable]
   78 | XShmSegmentInfo *x_shm_info;
      |                  ^~~~~~~~~~
configure:30557: $? = 0
configure:30561: test -z 
			 || test ! -s conftest.err
configure:30564: $? = 0
configure:30567: test -s conftest.o
configure:30570: $? = 0
configure:30581: result: yes
configure:30770: checking for Xinerama support on XFree86
configure:30778: checking for XineramaQueryExtension in -lXinerama
configure:30808: gcc -o conftest -g -O2 -Wall     conftest.c -lXinerama   -lX11 -lXext   >&5
/usr/bin/ld: cannot find -lXinerama
collect2: error: ld returned 1 exit status
configure:30814: $? = 1
configure: failed program was:
| /* confdefs.h.  */
| 
| #define PACKAGE_NAME "gtk+"
| #define PACKAGE_TARNAME "gtk+"
| #define PACKAGE_VERSION "2.8.0"
| #define PACKAGE_STRING "gtk+ 2.8.0"
| #define PACKAGE_BUGREPORT "http://bugzilla.gnome.org/enter_bug.cgi?product=gtk%2B"
| #define GETTEXT_PACKAGE "gtk20"
| #define STDC_HEADERS 1
| #define HAVE_SYS_TYPES_H 1
| #define HAVE_SYS_STAT_H 1
| #define HAVE_STDLIB_H 1
| #define HAVE_STRING_H 1
| #define HAVE_MEMORY_H 1
| #define HAVE_STRINGS_H 1
| #define HAVE_INTTYPES_H 1
| #define HAVE_STDINT_H 1
| #define HAVE_UNISTD_H 1
| #define HAVE_DLFCN_H 1
| #ifdef __cplusplus
| extern "C" void std::exit (int) throw (); using std::exit;
| #endif
| #define GTK_COMPILED_WITH_DEBUGGING "minimum"
| #define HAVE_LSTAT 1
| #define HAVE_MKSTEMP 1
| #define HAVE_FLOCKFILE 1
| #define HAVE__NL_TIME_FIRST_WEEKDAY 1
| #define HAVE_SIGSETJMP 1
| #define HAVE_LOCALE_H 1
| #define HAVE_LC_MESSAGES 1
| #define HAVE_BIND_TEXTDOMAIN_CODESET 1
| #define HAVE_GETTEXT 1
| #define HAVE_DCGETTEXT 1
| #define ENABLE_NLS 1
| #define GTK_LOCALEDIR "/usr/local/share/locale"
| #define HAVE_BIND_TEXTDOMAIN_CODESET 1
| #define HAVE_PWD_H 1
| #define HAVE_PWD_H 1
| #define HAVE_SYS_TIME_H 1
| #define HAVE_SYS_TIME_H 1
| #define HAVE_UNISTD_H 1
| #define HAVE_UNISTD_H 1
| #define STDC_HEADERS 1
| #define RETSIGTYPE void
| #define HAVE_STDLIB_H 1
| #define HAVE_UNISTD_H 1
| #define HAVE_GETPAGESIZE 1
| #define HAVE_MMAP 1
| #define HAVE_MALLINFO 1
| #define HAVE_GETRESUID 1
| #define HAVE_WCHAR_H 1
| #define HAVE_WCTYPE_H 1
| #define USE_GMODULE 1
| #define HAVE_PROGRESSIVE_JPEG 1
| #define HAVE_SYS_WAIT_H 1
| #define RETSIGTYPE void
| #define HAVE_XCONVERTCASE 1
| #define HAVE_XINTERNATOMS 1
| #define HAVE_X11R6 1
| #define HAVE_XKB 1
| #define HAVE_SHAPE_EXT 1
| #define HAVE_XSYNC 1
| #define HAVE_IPC_H 1
| #define HAVE_SHM_H 1
| #define HAVE_XSHM_H 1
| /* end confdefs.h.  */
| 
| /* Override any gcc2 internal prototype to avoid an error.  */
| #ifdef __cplusplus
| extern "C"
| #endif
| /* We use char because int might match the return type of a gcc2
|    builtin and then its argument prototype would still apply.  */
| char XineramaQueryExtension ();
| int
| main ()
| {
| XineramaQueryExtension ();
|   ;
|   return 0;
| }
configure:30840: result: no
configure:31009: result: no
configure:31057: checking for XRRUpdateConfiguration in -lXrandr
configure:31087: gcc -o conftest -g -O2 -Wall     conftest.c -lXrandr   -lX11 -lXext   >&5
/usr/bin/ld: cannot find -lXrandr
collect2: error: ld returned 1 exit status
configure:31093: $? = 1
configure: failed program was:
| /* confdefs.h.  */
| 
| #define PACKAGE_NAME "gtk+"
| #define PACKAGE_TARNAME "gtk+"
| #define PACKAGE_VERSION "2.8.0"
| #define PACKAGE_STRING "gtk+ 2.8.0"
| #define PACKAGE_BUGREPORT "http://bugzilla.gnome.org/enter_bug.cgi?product=gtk%2B"
| #define GETTEXT_PACKAGE "gtk20"
| #define STDC_HEADERS 1
| #define HAVE_SYS_TYPES_H 1
| #define HAVE_SYS_STAT_H 1
| #define HAVE_STDLIB_H 1
| #define HAVE_STRING_H 1
| #define HAVE_MEMORY_H 1
| #define HAVE_STRINGS_H 1
| #define HAVE_INTTYPES_H 1
| #define HAVE_STDINT_H 1
| #define HAVE_UNISTD_H 1
| #define HAVE_DLFCN_H 1
| #ifdef __cplusplus
| extern "C" void std::exit (int) throw (); using std::exit;
| #endif
| #define GTK_COMPILED_WITH_DEBUGGING "minimum"
| #define HAVE_LSTAT 1
| #define HAVE_MKSTEMP 1
| #define HAVE_FLOCKFILE 1
| #define HAVE__NL_TIME_FIRST_WEEKDAY 1
| #define HAVE_SIGSETJMP 1
| #define HAVE_LOCALE_H 1
| #define HAVE_LC_MESSAGES 1
| #define HAVE_BIND_TEXTDOMAIN_CODESET 1
| #define HAVE_GETTEXT 1
| #define HAVE_DCGETTEXT 1
| #define ENABLE_NLS 1
| #define GTK_LOCALEDIR "/usr/local/share/locale"
| #define HAVE_BIND_TEXTDOMAIN_CODESET 1
| #define HAVE_PWD_H 1
| #define HAVE_PWD_H 1
| #define HAVE_SYS_TIME_H 1
| #define HAVE_SYS_TIME_H 1
| #define HAVE_UNISTD_H 1
| #define HAVE_UNISTD_H 1
| #define STDC_HEADERS 1
| #define RETSIGTYPE void
| #define HAVE_STDLIB_H 1
| #define HAVE_UNISTD_H 1
| #define HAVE_GETPAGESIZE 1
| #define HAVE_MMAP 1
| #define HAVE_MALLINFO 1
| #define HAVE_GETRESUID 1
| #define HAVE_WCHAR_H 1
| #define HAVE_WCTYPE_H 1
| #define USE_GMODULE 1
| #define HAVE_PROGRESSIVE_JPEG 1
| #define HAVE_SYS_WAIT_H 1
| #define RETSIGTYPE void
| #define HAVE_XCONVERTCASE 1
| #define HAVE_XINTERNATOMS 1
| #define HAVE_X11R6 1
| #define HAVE_XKB 1
| #define HAVE_SHAPE_EXT 1
| #define HAVE_XSYNC 1
| #define HAVE_IPC_H 1
| #define HAVE_SHM_H 1
| #define HAVE_XSHM_H 1
| #define XINPUT_NONE 1
| /* end confdefs.h.  */
| 
| /* Override any gcc2 internal prototype to avoid an error.  */
| #ifdef __cplusplus
| extern "C"
| #endif
| /* We use char because int might match the return type of a gcc2
|    builtin and then its argument prototype would still apply.  */
| char XRRUpdateConfiguration ();
| int
| main ()
| {
| XRRUpdateConfiguration ();
|   ;
|   return 0;
| }
configure:31119: result: no
configure:31394: checking Pango flags
configure:31400: result: -I/usr/include/pango-1.0 -I/usr/include/glib-2.0 -I/usr/lib64/glib-2.0/include -I/usr/include/harfbuzz -I/usr/include/fribidi -I/usr/include/freetype2 -I/usr/include/libpng16 -I/usr/include/cairo -I/usr/include/pixman-1  -lpangocairo-1.0 -lpango-1.0 -lgobject-2.0 -lglib-2.0 -lharfbuzz -lcairo 
configure:31444: gcc -o conftest -g -O2 -Wall -I/usr/include/pango-1.0 -I/usr/include/glib-2.0 -I/usr/lib64/glib-2.0/include -I/usr/include/harfbuzz -I/usr/include/fribidi -I/usr/include/freetype2 -I/usr/include/libpng16 -I/usr/include/cairo -I/usr/include/pixman-1     conftest.c -lpangocairo-1.0 -lpango-1.0 -lgobject-2.0 -lglib-2.0 -lharfbuzz -lcairo   >&5
configure:31450: $? = 0
configure:31454: test -z 
			 || test ! -s conftest.err
configure:31457: $? = 0
configure:31460: test -s conftest
configure:31463: $? = 0
configure:31511: checking ATK flags
configure:31517: result: -I/usr/include/atk-1.0 -I/usr/include/glib-2.0 -I/usr/lib64/glib-2.0/include  -latk-1.0 -lgobject-2.0 -lglib-2.0 
configure:31559: gcc -o conftest -g -O2 -Wall    conftest.c -latk-1.0 -lgobject-2.0 -lglib-2.0   >&5
configure:31565: $? = 0
configure:31569: test -z 
			 || test ! -s conftest.err
configure:31572: $? = 0
configure:31575: test -s conftest
configure:31578: $? = 0
configure:31755: checking for db2html
configure:31782: result: false
configure:32325: creating ./config.status

## ---------------------- ##
## Running config.status. ##
## ---------------------- ##

This file was extended by gtk+ config.status 2.8.0, which was
generated by GNU Autoconf 2.59.  Invocation command line was

  CONFIG_FILES    = 
  CONFIG_HEADERS  = 
  CONFIG_LINKS    = 
  CONFIG_COMMANDS = 
  $ ./config.status 

on localhost.localdomain

config.status:935: creating config.h.win32
config.status:935: creating gtk-zip.sh
config.status:935: creating Makefile
config.status:935: creating gdk-pixbuf-2.0.pc
config.status:935: creating gdk-2.0.pc
config.status:935: creating gtk+-2.0.pc
config.status:935: creating gdk-pixbuf-2.0-uninstalled.pc
config.status:935: creating gdk-2.0-uninstalled.pc
config.status:935: creating gtk+-2.0-uninstalled.pc
config.status:935: creating m4macros/Makefile
config.status:935: creating po/Makefile.in
config.status:935: creating po-properties/Makefile.in
config.status:935: creating demos/Makefile
config.status:935: creating demos/gtk-demo/Makefile
config.status:935: creating demos/gtk-demo/geninclude.pl
config.status:935: creating tests/Makefile
config.status:935: creating docs/Makefile
config.status:935: creating docs/reference/Makefile
config.status:935: creating docs/reference/gdk-pixbuf/Makefile
config.status:935: creating docs/reference/gdk-pixbuf/version.xml
config.status:935: creating docs/reference/gdk/Makefile
config.status:935: creating docs/reference/gdk/version.xml
config.status:935: creating docs/reference/gtk/Makefile
config.status:935: creating docs/reference/gtk/version.xml
config.status:935: creating docs/faq/Makefile
config.status:935: creating docs/tools/Makefile
config.status:935: creating docs/tutorial/Makefile
config.status:935: creating gdk-pixbuf/Makefile
config.status:935: creating gdk-pixbuf/gdk_pixbuf.rc
config.status:935: creating gdk-pixbuf/gdk-pixbuf-features.h
config.status:935: creating gdk-pixbuf/pixops/Makefile
config.status:935: creating gdk/Makefile
config.status:935: creating gdk/x11/Makefile
config.status:935: creating gdk/win32/Makefile
config.status:935: creating gdk/win32/rc/Makefile
config.status:935: creating gdk/win32/rc/gdk.rc
config.status:935: creating gdk/linux-fb/Makefile
config.status:935: creating gtk/Makefile
config.status:935: creating gtk/makefile.msc
config.status:935: creating gtk/gtkversion.h
config.status:935: creating gtk/gtk-win32.rc
config.status:935: creating gtk/stock-icons/Makefile
config.status:935: creating gtk/theme-bits/Makefile
config.status:935: creating gtk/xdgmime/Makefile
config.status:935: creating modules/Makefile
config.status:935: creating modules/input/Makefile
config.status:935: creating modules/engines/Makefile
config.status:935: creating modules/engines/pixbuf/Makefile
config.status:935: creating modules/engines/ms-windows/Makefile
config.status:935: creating modules/engines/ms-windows/Theme/Makefile
config.status:935: creating modules/engines/ms-windows/Theme/gtk-2.0/Makefile
config.status:935: creating perf/Makefile
config.status:935: creating contrib/Makefile
config.status:935: creating contrib/gdk-pixbuf-xlib/Makefile
config.status:935: creating contrib/gdk-pixbuf-xlib/gdk-pixbuf-xlib-2.0.pc
config.status:1039: creating config.h
config.status:1427: executing depfiles commands
config.status:1427: executing default-1 commands
config.status:1427: executing default-2 commands
config.status:1427: executing gdk/gdkconfig.h commands

## ---------------- ##
## Cache variables. ##
## ---------------- ##

ac_cv_build=x86_64-unknown-linux-gnu
ac_cv_build_alias=x86_64-unknown-linux-gnu
ac_cv_c_compiler_gnu=yes
ac_cv_c_const=yes
ac_cv_cxx_compiler_gnu=yes
ac_cv_env_BASE_DEPENDENCIES_CFLAGS_set=
ac_cv_env_BASE_DEPENDENCIES_CFLAGS_value=
ac_cv_env_BASE_DEPENDENCIES_LIBS_set=
ac_cv_env_BASE_DEPENDENCIES_LIBS_value=
ac_cv_env_CC_set=
ac_cv_env_CC_value=
ac_cv_env_CFLAGS_set=
ac_cv_env_CFLAGS_value=
ac_cv_env_CPPFLAGS_set=
ac_cv_env_CPPFLAGS_value=
ac_cv_env_CPP_set=
ac_cv_env_CPP_value=
ac_cv_env_CXXCPP_set=
ac_cv_env_CXXCPP_value=
ac_cv_env_CXXFLAGS_set=
ac_cv_env_CXXFLAGS_value=
ac_cv_env_CXX_set=
ac_cv_env_CXX_value=
ac_cv_env_F77_set=
ac_cv_env_F77_value=
ac_cv_env_FFLAGS_set=
ac_cv_env_FFLAGS_value=
ac_cv_env_LDFLAGS_set=
ac_cv_env_LDFLAGS_value=
ac_cv_env_PKG_CONFIG_set=
ac_cv_env_PKG_CONFIG_value=
ac_cv_env_build_alias_set=
ac_cv_env_build_alias_value=
ac_cv_env_host_alias_set=
ac_cv_env_host_alias_value=
ac_cv_env_target_alias_set=
ac_cv_env_target_alias_value=
ac_cv_exeext=
ac_cv_f77_compiler_gnu=no
ac_cv_func_XAddConnectionWatch=yes
ac_cv_func_XConvertCase=yes
ac_cv_func_XInternAtoms=yes
ac_cv_func_XOpenDisplay=yes
ac_cv_func_XShapeCombineMask=yes
ac_cv_func_XShmAttach=yes
ac_cv_func_XSyncQueryExtension=yes
ac_cv_func_XextFindDisplay=yes
ac_cv_func_XkbQueryExtension=yes
ac_cv_func_bind_textdomain_codeset=yes
ac_cv_func_dcgettext=yes
ac_cv_func_flockfile=yes
ac_cv_func_getpagesize=yes
ac_cv_func_getresuid=yes
ac_cv_func_iswalnum=yes
ac_cv_func_lstat=yes
ac_cv_func_mallinfo=yes
ac_cv_func_mkstemp=yes
ac_cv_func_mmap_fixed_mapped=yes
ac_cv_header_X11_extensions_sync_h=yes
ac_cv_header_dlfcn_h=yes
ac_cv_header_inttypes_h=yes
ac_cv_header_libintl_h=yes
ac_cv_header_locale_h=yes
ac_cv_header_memory_h=yes
ac_cv_header_png_h=yes
ac_cv_header_pwd_h=yes
ac_cv_header_stdc=yes
ac_cv_header_stdint_h=yes
ac_cv_header_stdlib_h=yes
ac_cv_header_string_h=yes
ac_cv_header_strings_h=yes
ac_cv_header_sys_ipc_h=yes
ac_cv_header_sys_shm_h=yes
ac_cv_header_sys_stat_h=yes
ac_cv_header_sys_time_h=yes
ac_cv_header_sys_types_h=yes
ac_cv_header_sys_wait_h=yes
ac_cv_header_tiffio_h=yes
ac_cv_header_unistd_h=yes
ac_cv_host=x86_64-unknown-linux-gnu
ac_cv_host_alias=x86_64-unknown-linux-gnu
ac_cv_lib_Xinerama_XineramaQueryExtension=no
ac_cv_lib_Xrandr_XRRUpdateConfiguration=no
ac_cv_lib_cposix_strerror=no
ac_cv_lib_jpeg_jpeg_destroy_decompress=yes
ac_cv_lib_jpeg_jpeg_simple_progression=yes
ac_cv_lib_png_png_read_info=yes
ac_cv_lib_tiff_TIFFReadScanline=yes
ac_cv_objext=o
ac_cv_path_GMSGFMT=/usr/bin/msgfmt
ac_cv_path_MSGFMT=/usr/bin/msgfmt
ac_cv_path_NM='/usr/bin/nm -B'
ac_cv_path_PERL=/usr/bin/perl
ac_cv_path_PKG_CONFIG=/usr/bin/pkg-config
ac_cv_path_XGETTEXT=/usr/bin/xgettext
ac_cv_path_ac_pt_PKG_CONFIG=/usr/bin/pkg-config
ac_cv_path_install='/usr/bin/install -c'
ac_cv_prog_AWK=gawk
ac_cv_prog_CPP='gcc -E'
ac_cv_prog_CXXCPP='g++ -E'
ac_cv_prog_DB2HTML=false
ac_cv_prog_ac_ct_AR=ar
ac_cv_prog_ac_ct_CC=gcc
ac_cv_prog_ac_ct_CXX=g++
ac_cv_prog_ac_ct_RANLIB=ranlib
ac_cv_prog_ac_ct_STRIP=strip
ac_cv_prog_cc_g=yes
ac_cv_prog_cc_stdc=
ac_cv_prog_cxx_g=yes
ac_cv_prog_egrep='grep -E'
ac_cv_prog_f77_g=no
ac_cv_prog_make_make_set=yes
ac_cv_sys_file_offset_bits=no
ac_cv_sys_large_files=no
ac_cv_sys_largefile_CC=no
ac_cv_type_signal=void
ac_cv_type_uid_t=yes
am_cv_CC_dependencies_compiler_type=gcc3
am_cv_CXX_dependencies_compiler_type=gcc3
am_cv_prog_cc_stdc=
am_cv_val_LC_MESSAGES=yes
gt_cv_func_dgettext_libc=yes
gt_cv_func_dgettext_libintl=no
gt_cv_func_ngettext_libc=yes
gt_cv_have_gettext=yes
lt_cv_deplibs_check_method=pass_all
lt_cv_file_magic_cmd='$MAGIC_CMD'
lt_cv_file_magic_test_file=
lt_cv_ld_reload_flag=-r
lt_cv_objdir=.libs
lt_cv_path_LD=/usr/bin/ld
lt_cv_path_LDCXX='/usr/bin/ld -m elf_x86_64'
lt_cv_path_NM='/usr/bin/nm -B'
lt_cv_path_SED=/usr/bin/sed
lt_cv_prog_compiler_c_o=yes
lt_cv_prog_compiler_c_o_CXX=yes
lt_cv_prog_compiler_rtti_exceptions=no
lt_cv_prog_gnu_ld=yes
lt_cv_prog_gnu_ldcxx=yes
lt_cv_sys_global_symbol_pipe='sed -n -e '\''s/^.*[ 	]\([ABCDGIRSTW][ABCDGIRSTW]*\)[ 	][ 	]*\([_A-Za-z][_A-Za-z0-9]*\)$/\1 \2 \2/p'\'''
lt_cv_sys_global_symbol_to_c_name_address='sed -n -e '\''s/^: \([^ ]*\) $/  {\"\1\", (lt_ptr) 0},/p'\'' -e '\''s/^[BCDEGRST] \([^ ]*\) \([^ ]*\)$/  {"\2", (lt_ptr) \&\2},/p'\'''
lt_cv_sys_global_symbol_to_cdecl='sed -n -e '\''s/^. .* \(.*\)$/extern int \1;/p'\'''
lt_cv_sys_max_cmd_len=32768
lt_lt_cv_prog_compiler_c_o='"yes"'
lt_lt_cv_prog_compiler_c_o_CXX='"yes"'
lt_lt_cv_sys_global_symbol_pipe='"sed -n -e '\''s/^.*[ 	]\\([ABCDGIRSTW][ABCDGIRSTW]*\\)[ 	][ 	]*\\([_A-Za-z][_A-Za-z0-9]*\\)\$/\\1 \\2 \\2/p'\''"'
lt_lt_cv_sys_global_symbol_to_c_name_address='"sed -n -e '\''s/^: \\([^ ]*\\) \$/  {\\\"\\1\\\", (lt_ptr) 0},/p'\'' -e '\''s/^[BCDEGRST] \\([^ ]*\\) \\([^ ]*\\)\$/  {\"\\2\", (lt_ptr) \\&\\2},/p'\''"'
lt_lt_cv_sys_global_symbol_to_cdecl='"sed -n -e '\''s/^. .* \\(.*\\)\$/extern int \\1;/p'\''"'
pkg_cv_BASE_DEPENDENCIES_CFLAGS='-I/usr/include/glib-2.0 -I/usr/lib64/glib-2.0/include -I/usr/include/atk-1.0 -I/usr/include/pango-1.0 -I/usr/include/harfbuzz -I/usr/include/fribidi -I/usr/include/freetype2 -I/usr/include/libpng16 -I/usr/include/cairo -I/usr/include/pixman-1 '
pkg_cv_BASE_DEPENDENCIES_LIBS='-latk-1.0 -lpango-1.0 -lgobject-2.0 -lglib-2.0 -lharfbuzz -lcairo '

## ----------------- ##
## Output variables. ##
## ----------------- ##

ACLOCAL='${SHELL} /home/zer0meego/gtk+-2.8.0/missing --run aclocal-1.7 '
AMDEPBACKSLASH='\'
AMDEP_FALSE='#'
AMDEP_TRUE=''
AMTAR='${SHELL} /home/zer0meego/gtk+-2.8.0/missing --run tar'
AR='ar'
AS='as'
AUTOCONF='${SHELL} /home/zer0meego/gtk+-2.8.0/missing --run autoconf'
AUTOHEADER='${SHELL} /home/zer0meego/gtk+-2.8.0/missing --run autoheader'
AUTOMAKE='${SHELL} /home/zer0meego/gtk+-2.8.0/missing --run automake-1.7'
AWK='gawk'
BASE_DEPENDENCIES_CFLAGS='-I/usr/include/glib-2.0 -I/usr/lib64/glib-2.0/include -I/usr/include/atk-1.0 -I/usr/include/pango-1.0 -I/usr/include/harfbuzz -I/usr/include/fribidi -I/usr/include/freetype2 -I/usr/include/libpng16 -I/usr/include/cairo -I/usr/include/pixman-1 '
BASE_DEPENDENCIES_LIBS='-latk-1.0 -lpango-1.0 -lgobject-2.0 -lglib-2.0 -lharfbuzz -lcairo '
BUILD_DYNAMIC_MODULES_FALSE='#'
BUILD_DYNAMIC_MODULES_TRUE=''
CATALOGS=' af.gmo am.gmo ar.gmo az.gmo az_IR.gmo be.gmo bg.gmo bn.gmo br.gmo bs.gmo ca.gmo cs.gmo cy.gmo da.gmo de.gmo el.gmo en_CA.gmo en_GB.gmo es.gmo et.gmo eu.gmo fa.gmo fi.gmo fr.gmo ga.gmo gl.gmo gu.gmo he.gmo hi.gmo hr.gmo hu.gmo hy.gmo ia.gmo id.gmo is.gmo it.gmo ja.gmo ko.gmo li.gmo lt.gmo lv.gmo mi.gmo mk.gmo ml.gmo mn.gmo mr.gmo ms.gmo nb.gmo ne.gmo nl.gmo nn.gmo no.gmo nso.gmo pa.gmo pl.gmo pt.gmo pt_BR.gmo ro.gmo ru.gmo rw.gmo sk.gmo sl.gmo sq.gmo sr.gmo sr@ije.gmo sr@Latn.gmo sv.gmo ta.gmo te.gmo th.gmo tk.gmo tr.gmo uk.gmo uz.gmo uz@Latn.gmo vi.gmo wa.gmo xh.gmo yi.gmo zh_CN.gmo zh_TW.gmo'
CATOBJEXT='.gmo'
CC='gcc'
CCAS='$(CC)'
CCASFLAGS='$(CFLAGS)'
CCDEPMODE='depmode=gcc3'
CFLAGS='-g -O2 -Wall'
CPP='gcc -E'
CPPFLAGS=' '
CROSS_COMPILING_FALSE=''
CROSS_COMPILING_TRUE='#'
CXX='g++'
CXXCPP='g++ -E'
CXXDEPMODE='depmode=gcc3'
CXXFLAGS='-g -O2'
CYGPATH_W='echo'
DATADIRNAME='share'
DB2HTML='false'
DEFS='-DHAVE_CONFIG_H'
DEPDIR='.deps'
DISABLE_EXPLICIT_DEPS_FALSE='#'
DISABLE_EXPLICIT_DEPS_TRUE=''
DLLTOOL='dlltool'
ECHO='echo'
ECHO_C=''
ECHO_N='-n'
ECHO_T=''
EGREP='grep -E'
ENABLE_FB_MANAGER_FALSE=''
ENABLE_FB_MANAGER_TRUE='#'
ENABLE_GTK_DOC_FALSE=''
ENABLE_GTK_DOC_TRUE='#'
ENABLE_MAN_FALSE=''
ENABLE_MAN_TRUE='#'
EXEEXT=''
F77=''
FFLAGS=''
GDK_DEP_CFLAGS='-I/usr/include/glib-2.0 -I/usr/lib64/glib-2.0/include -pthread -I/usr/include/pango-1.0 -I/usr/include/harfbuzz -I/usr/include/fribidi -I/usr/include/freetype2 -I/usr/include/libpng16 -I/usr/include/cairo -I/usr/include/pixman-1   '
GDK_DEP_LIBS='-lgmodule-2.0 -pthread -lglib-2.0 -lpangocairo-1.0 -lpango-1.0 -lgobject-2.0 -lglib-2.0 -lharfbuzz -lcairo -lX11 -lXext -lXfixes -lm'
GDK_EXTRA_CFLAGS=''
GDK_EXTRA_LIBS=''
GDK_PACKAGES='pango pangocairo'
GDK_PIXBUF_CSOURCE=''
GDK_PIXBUF_DEP_CFLAGS='-I/usr/include/glib-2.0 -I/usr/lib64/glib-2.0/include -pthread  '
GDK_PIXBUF_DEP_LIBS='-lgmodule-2.0 -pthread -lglib-2.0 -lgobject-2.0 -lglib-2.0 -lm'
GDK_PIXBUF_EXTRA_CFLAGS=''
GDK_PIXBUF_EXTRA_LIBS=' -lm'
GDK_PIXBUF_MAJOR='2'
GDK_PIXBUF_MICRO='0'
GDK_PIXBUF_MINOR='8'
GDK_PIXBUF_PACKAGES='gmodule-no-export-2.0 gobject-2.0'
GDK_PIXBUF_VERSION='2.8.0'
GDK_PIXBUF_XLIB_DEP_CFLAGS='-I/usr/include/glib-2.0 -I/usr/lib64/glib-2.0/include -pthread   '
GDK_PIXBUF_XLIB_DEP_LIBS='-lgmodule-2.0 -pthread -lglib-2.0 -lgobject-2.0 -lglib-2.0 -lX11 -lm'
GDK_PIXBUF_XLIB_EXTRA_CFLAGS=''
GDK_PIXBUF_XLIB_EXTRA_LIBS=''
GDK_PIXBUF_XLIB_PACKAGES='x11'
GDK_WIN32_EXTRA_CFLAGS=''
GDK_WLIBS=''
GETTEXT_PACKAGE='gtk20'
GLIB_CFLAGS='-I/usr/include/glib-2.0 -I/usr/lib64/glib-2.0/include -pthread '
GLIB_GENMARSHAL='/usr/bin/glib-genmarshal'
GLIB_LIBS='-lgobject-2.0 -lgmodule-2.0 -lgthread-2.0 -pthread -lglib-2.0 '
GLIB_MKENUMS='/usr/bin/glib-mkenums'
GMOFILES=' af.gmo am.gmo ar.gmo az.gmo az_IR.gmo be.gmo bg.gmo bn.gmo br.gmo bs.gmo ca.gmo cs.gmo cy.gmo da.gmo de.gmo el.gmo en_CA.gmo en_GB.gmo es.gmo et.gmo eu.gmo fa.gmo fi.gmo fr.gmo ga.gmo gl.gmo gu.gmo he.gmo hi.gmo hr.gmo hu.gmo hy.gmo ia.gmo id.gmo is.gmo it.gmo ja.gmo ko.gmo li.gmo lt.gmo lv.gmo mi.gmo mk.gmo ml.gmo mn.gmo mr.gmo ms.gmo nb.gmo ne.gmo nl.gmo nn.gmo no.gmo nso.gmo pa.gmo pl.gmo pt.gmo pt_BR.gmo ro.gmo ru.gmo rw.gmo sk.gmo sl.gmo sq.gmo sr.gmo sr@ije.gmo sr@Latn.gmo sv.gmo ta.gmo te.gmo th.gmo tk.gmo tr.gmo uk.gmo uz.gmo uz@Latn.gmo vi.gmo wa.gmo xh.gmo yi.gmo zh_CN.gmo zh_TW.gmo'
GMSGFMT='/usr/bin/msgfmt'
GOBJECT_QUERY='/usr/bin/gobject-query'
GTK_API_VERSION='2.0'
GTK_BINARY_AGE='800'
GTK_BINARY_VERSION='2.4.0'
GTK_DEBUG_FLAGS='-DG_DISABLE_CAST_CHECKS'
GTK_DEP_CFLAGS='-I/usr/include/glib-2.0 -I/usr/lib64/glib-2.0/include -pthread -I/usr/include/pango-1.0 -I/usr/include/harfbuzz -I/usr/include/fribidi -I/usr/include/freetype2 -I/usr/include/libpng16 -I/usr/include/cairo -I/usr/include/pixman-1 -I/usr/include/atk-1.0    '
GTK_DEP_LIBS='-lgmodule-2.0 -pthread -lglib-2.0 -lpangocairo-1.0 -lpango-1.0 -lharfbuzz -lX11 -latk-1.0 -lgobject-2.0 -lglib-2.0 -lcairo -lm'
GTK_DOC_USE_LIBTOOL_FALSE='#'
GTK_DOC_USE_LIBTOOL_TRUE=''
GTK_EXTRA_CFLAGS=''
GTK_EXTRA_LIBS=''
GTK_INTERFACE_AGE='0'
GTK_MAJOR_VERSION='2'
GTK_MICRO_VERSION='0'
GTK_MINOR_VERSION='8'
GTK_PACKAGES='atk cairo'
GTK_VERSION='2.8.0'
GTK_XIM_FLAGS=''
HAVE_DOCBOOK_FALSE=''
HAVE_DOCBOOK_TRUE='#'
HAVE_IE55_FALSE=''
HAVE_IE55_TRUE='#'
HAVE_JPEG_FALSE='#'
HAVE_JPEG_TRUE=''
HAVE_PNG_FALSE='#'
HAVE_PNG_TRUE=''
HAVE_TIFF_FALSE='#'
HAVE_TIFF_TRUE=''
HAVE_WINTAB_FALSE=''
HAVE_WINTAB_TRUE='#'
HAVE_X11R6_FALSE='#'
HAVE_X11R6_TRUE=''
HTML_DIR='${datadir}/gtk-doc/html'
IE55_UUID_LIB=''
INCLUDED_LOADER_DEFINE=''
INCLUDED_LOADER_OBJ=''
INDENT=''
INSTALL_DATA='${INSTALL} -m 644'
INSTALL_PROGRAM='${INSTALL}'
INSTALL_SCRIPT='${INSTALL}'
INSTALL_STRIP_PROGRAM='${SHELL} $(install_sh) -c -s'
INSTOBJEXT='.mo'
INTLLIBS=''
LDFLAGS=''
LIBJPEG='-ljpeg'
LIBOBJS=''
LIBPNG='-lpng -lz'
LIBS=''
LIBTIFF='-ltiff'
LIBTOOL='$(SHELL) $(top_builddir)/libtool'
LIBTOOL_EXPORT_OPTIONS='-export-symbols-regex "^[^_].*"'
LN_S='ln -s'
LTLIBOBJS=''
LT_CURRENT_MINUS_AGE='0'
LT_VERSION_INFO='800:0:800'
MAINT='#'
MAINTAINER_MODE_FALSE=''
MAINTAINER_MODE_TRUE='#'
MAKEINFO='${SHELL} /home/zer0meego/gtk+-2.8.0/missing --run makeinfo'
MKINSTALLDIRS='./mkinstalldirs'
MSGFMT='/usr/bin/msgfmt'
MS_LIB_AVAILABLE_FALSE=''
MS_LIB_AVAILABLE_TRUE='#'
NM='/usr/bin/nm -B'
OBJDUMP='objdump'
OBJEXT='o'
OS_LINUX_FALSE='#'
OS_LINUX_TRUE=''
OS_UNIX_FALSE='#'
OS_UNIX_TRUE=''
OS_WIN32_FALSE=''
OS_WIN32_TRUE='#'
PACKAGE='gtk+'
PACKAGE_BUGREPORT='http://bugzilla.gnome.org/enter_bug.cgi?product=gtk%2B'
PACKAGE_NAME='gtk+'
PACKAGE_STRING='gtk+ 2.8.0'
PACKAGE_TARNAME='gtk+'
PACKAGE_VERSION='2.8.0'
PATH_SEPARATOR=':'
PERL='/usr/bin/perl'
PKG_CONFIG='/usr/bin/pkg-config'
PLATFORM_WIN32_FALSE=''
PLATFORM_WIN32_TRUE='#'
POFILES=' af.po am.po ar.po az.po az_IR.po be.po bg.po bn.po br.po bs.po ca.po cs.po cy.po da.po de.po el.po en_CA.po en_GB.po es.po et.po eu.po fa.po fi.po fr.po ga.po gl.po gu.po he.po hi.po hr.po hu.po hy.po ia.po id.po is.po it.po ja.po ko.po li.po lt.po lv.po mi.po mk.po ml.po mn.po mr.po ms.po nb.po ne.po nl.po nn.po no.po nso.po pa.po pl.po pt.po pt_BR.po ro.po ru.po rw.po sk.po sl.po sq.po sr.po sr@ije.po sr@Latn.po sv.po ta.po te.po th.po tk.po tr.po uk.po uz.po uz@Latn.po vi.po wa.po xh.po yi.po zh_CN.po zh_TW.po'
POSUB='po'
PO_IN_DATADIR_FALSE=''
PO_IN_DATADIR_TRUE=''
RANLIB='ranlib'
REBUILD=''
REBUILD_PNGS=''
SET_MAKE=''
SHELL='/bin/sh'
STRIP='strip'
USE_LINUX_FB_FALSE=''
USE_LINUX_FB_TRUE='#'
USE_MMX_FALSE=''
USE_MMX_TRUE='#'
USE_NLS='yes'
USE_WIN32_FALSE=''
USE_WIN32_TRUE='#'
USE_X11_FALSE='#'
USE_X11_TRUE=''
VERSION='2.8.0'
WINDRES=''
WINTAB_LIB=''
XGETTEXT='/usr/bin/xgettext'
XINPUT_XFREE_FALSE=''
XINPUT_XFREE_TRUE='#'
XMLCATALOG=''
XML_CATALOG_FILE=''
XSLTPROC=''
X_CFLAGS=''
X_EXTRA_LIBS=''
X_LIBS=''
X_PRE_LIBS=''
ac_ct_AR='ar'
ac_ct_AS=''
ac_ct_CC='gcc'
ac_ct_CXX='g++'
ac_ct_DLLTOOL=''
ac_ct_F77=''
ac_ct_OBJDUMP=''
ac_ct_RANLIB='ranlib'
ac_ct_STRIP='strip'
ac_ct_WINDRES=''
ac_pt_PKG_CONFIG='/usr/bin/pkg-config'
am__fastdepCC_FALSE='#'
am__fastdepCC_TRUE=''
am__fastdepCXX_FALSE='#'
am__fastdepCXX_TRUE=''
am__include='include'
am__leading_dot='.'
am__quote=''
bindir='${exec_prefix}/bin'
build='x86_64-unknown-linux-gnu'
build_alias=''
build_cpu='x86_64'
build_os='linux-gnu'
build_vendor='unknown'
datadir='${prefix}/share'
exec_prefix='${prefix}'
gdktarget='x11'
gdktargetlib='libgdk-x11-2.0.la'
gtktargetlib='libgtk-x11-2.0.la'
host='x86_64-unknown-linux-gnu'
host_alias=''
host_cpu='x86_64'
host_os='linux-gnu'
host_vendor='unknown'
includedir='${prefix}/include'
infodir='${prefix}/info'
install_sh='/home/zer0meego/gtk+-2.8.0/install-sh'
libdir='${exec_prefix}/lib'
libexecdir='${exec_prefix}/libexec'
localstatedir='${prefix}/var'
mandir='${prefix}/man'
ms_librarian=''
oldincludedir='/usr/include'
prefix='/usr/local'
program_transform_name='s,x,x,'
sbindir='${exec_prefix}/sbin'
sharedstatedir='${prefix}/com'
sysconfdir='${prefix}/etc'
target_alias=''

## ----------- ##
## confdefs.h. ##
## ----------- ##

#define ENABLE_NLS 1
#define GETTEXT_PACKAGE "gtk20"
#define GTK_COMPILED_WITH_DEBUGGING "minimum"
#define GTK_LOCALEDIR "/usr/local/share/locale"
#define HAVE_BIND_TEXTDOMAIN_CODESET 1
#define HAVE_BIND_TEXTDOMAIN_CODESET 1
#define HAVE_DCGETTEXT 1
#define HAVE_DLFCN_H 1
#define HAVE_FLOCKFILE 1
#define HAVE_GETPAGESIZE 1
#define HAVE_GETRESUID 1
#define HAVE_GETTEXT 1
#define HAVE_INTTYPES_H 1
#define HAVE_IPC_H 1
#define HAVE_LC_MESSAGES 1
#define HAVE_LOCALE_H 1
#define HAVE_LSTAT 1
#define HAVE_MALLINFO 1
#define HAVE_MEMORY_H 1
#define HAVE_MKSTEMP 1
#define HAVE_MMAP 1
#define HAVE_PROGRESSIVE_JPEG 1
#define HAVE_PWD_H 1
#define HAVE_PWD_H 1
#define HAVE_SHAPE_EXT 1
#define HAVE_SHM_H 1
#define HAVE_SIGSETJMP 1
#define HAVE_STDINT_H 1
#define HAVE_STDLIB_H 1
#define HAVE_STDLIB_H 1
#define HAVE_STRINGS_H 1
#define HAVE_STRING_H 1
#define HAVE_SYS_STAT_H 1
#define HAVE_SYS_TIME_H 1
#define HAVE_SYS_TIME_H 1
#define HAVE_SYS_TYPES_H 1
#define HAVE_SYS_WAIT_H 1
#define HAVE_UNISTD_H 1
#define HAVE_UNISTD_H 1
#define HAVE_UNISTD_H 1
#define HAVE_UNISTD_H 1
#define HAVE_WCHAR_H 1
#define HAVE_WCTYPE_H 1
#define HAVE_X11R6 1
#define HAVE_XCONVERTCASE 1
#define HAVE_XFIXES 1
#define HAVE_XINTERNATOMS 1
#define HAVE_XKB 1
#define HAVE_XSHM_H 1
#define HAVE_XSYNC 1
#define HAVE__NL_TIME_FIRST_WEEKDAY 1
#define PACKAGE_BUGREPORT "http://bugzilla.gnome.org/enter_bug.cgi?product=gtk%2B"
#define PACKAGE_NAME "gtk+"
#define PACKAGE_STRING "gtk+ 2.8.0"
#define PACKAGE_TARNAME "gtk+"
#define PACKAGE_VERSION "2.8.0"
#define RETSIGTYPE void
#define RETSIGTYPE void
#define STDC_HEADERS 1
#define STDC_HEADERS 1
#define USE_GMODULE 1
#define XINPUT_NONE 1
#endif
#ifdef __cplusplus
extern "C" void std::exit (int) throw (); using std::exit;

configure: exit 0

## ---------------------- ##
## Running config.status. ##
## ---------------------- ##

This file was extended by gtk+ config.status 2.8.0, which was
generated by GNU Autoconf 2.59.  Invocation command line was

  CONFIG_FILES    = po-properties/Makefile.in
  CONFIG_HEADERS  = 
  CONFIG_LINKS    = 
  CONFIG_COMMANDS = 
  $ ./config.status 

on localhost.localdomain

config.status:935: creating po-properties/Makefile.in
config.status:1427: executing depfiles commands
config.status:1427: executing default-1 commands
config.status:1427: executing default-2 commands
config.status:1427: executing gdk/gdkconfig.h commands
config.status:1560: gdk/gdkconfig.h is unchanged

## ---------------------- ##
## Running config.status. ##
## ---------------------- ##

This file was extended by gtk+ config.status 2.8.0, which was
generated by GNU Autoconf 2.59.  Invocation command line was

  CONFIG_FILES    = 
  CONFIG_HEADERS  = 
  CONFIG_LINKS    = 
  CONFIG_COMMANDS = 
  $ ./config.status gdk/gdkconfig.h

on localhost.localdomain

config.status:1441: executing gdk/gdkconfig.h commands
config.status:1574: gdk/gdkconfig.h is unchanged
